node.exe : Loaded Prisma 
config from prisma.config.ts.
At line:1 char:1
+ & "C:\Program 
Files\nodejs/node.exe" 
"C:\Program 
Files\nodejs/node_mo ...
+ ~~~~~~~~~~~~~~~~~~~~~~~~~~~~
~~~~~~~~~~~~~~~~~~~~~~~~~~~~~~
~~~~~~~~~~~
    + CategoryInfo          : 
    NotSpecified: (Loaded Pr  
  isma c...isma.config.ts.:   
 String) [], RemoteExcepti    
on
    + FullyQualifiedErrorId : 
    NativeCommandError
 

Prisma schema loaded from 
prisma\schema.prisma.
Error: Prisma schema 
validation - (get-config wasm)
Error code: P1012
error: The datasource 
property `url` is no longer 
supported in schema files. 
Move connection URLs for 
Migrate to `prisma.config.ts` 
and pass either `adapter` for 
a direct database connection 
or `accelerateUrl` for 
Accelerate to the 
`PrismaClient` constructor. 
See https://pris.ly/d/config-d
atasource and https://pris.ly/
d/prisma7-client-config
  -->  prisma\schema.prisma:10
   | 
 9 |   provider = "postgresql"
10 |   url      = 
env("DATABASE_URL")
   | 

Validation Error Count: 1
[Context: getConfig]

Prisma CLI Version : 7.4.2
Assertion failed: 
!(handle->flags & 
UV_HANDLE_CLOSING), file 
src\win\async.c, line 76
